Deleteing previous SORTED files
DONE!
Deleteing previous REPORT files
DONE!
Starting Job:  April  /  2016
DONE Job:  April  /  2016
Starting Job:  February  /  2016
DONE Job:  February  /  2016
Starting Job:  March  /  2016
DONE Job:  March  /  2016
Starting Job:  January  /  2016
DONE Job:  January  /  2016
Starting Job:  June  /  2016
DONE Job:  June  /  2016
Starting Job:  May  /  2016
DONE Job:  May  /  2016
Starting Job:  July  /  2016
DONE Job:  July  /  2016
Starting Job:  August  /  2016
DONE Job:  August  /  2016
Starting Job:  October  /  2016
DONE Job:  October  /  2016
Starting Job:  September  /  2016
DONE Job:  September  /  2016
~~~~~~~~~~~~~~~~~~~~~~~~~~~~~~~~~~~~~~~~~~~~~~~
Starting Job:  November  /  2016
DONE Job:  November  /  2016
Starting Job:  December  /  2016
DONE Job:  December  /  2016
Starting Job:  July  /  2017
DONE Job:  July  /  2017
Starting Job:  August  /  2017
DONE Job:  August  /  2017
Starting Job:  January  /  2017
DONE Job:  January  /  2017
Starting Job:  April  /  2017
DONE Job:  April  /  2017
Starting Job:  February  /  2017
DONE Job:  February  /  2017
Starting Job:  June  /  2017
DONE Job:  June  /  2017
Starting Job:  May  /  2017
DONE Job:  May  /  2017
Starting Job:  March  /  2017
DONE Job:  March  /  2017
~~~~~~~~~~~~~~~~~~~~~~~~~~~~~~~~~~~~~~~~~~~~~~~
Starting Job:  February  /  2018
DONE Job:  February  /  2018
Starting Job:  November  /  2017
DONE Job:  November  /  2017
Starting Job:  December  /  2017
DONE Job:  December  /  2017
Starting Job:  January  /  2018
DONE Job:  January  /  2018
Starting Job:  October  /  2017
DONE Job:  October  /  2017
Starting Job:  September  /  2017
DONE Job:  September  /  2017
Starting Job:  May  /  2018
DONE Job:  May  /  2018
Starting Job:  April  /  2018
DONE Job:  April  /  2018
Starting Job:  June  /  2018
DONE Job:  June  /  2018
Starting Job:  March  /  2018
DONE Job:  March  /  2018
~~~~~~~~~~~~~~~~~~~~~~~~~~~~~~~~~~~~~~~~~~~~~~~
Starting Job:  July  /  2018
DONE Job:  July  /  2018
Starting Job:  September  /  2018
DONE Job:  September  /  2018
Starting Job:  August  /  2018
DONE Job:  August  /  2018
Starting Job:  February  /  2019
DONE Job:  February  /  2019
Starting Job:  December  /  2018
DONE Job:  December  /  2018
Starting Job:  April  /  2019
DONE Job:  April  /  2019
Starting Job:  January  /  2019
DONE Job:  January  /  2019
Starting Job:  March  /  2019
DONE Job:  March  /  2019
Starting Job:  November  /  2018
DONE Job:  November  /  2018
Starting Job:  October  /  2018
DONE Job:  October  /  2018
~~~~~~~~~~~~~~~~~~~~~~~~~~~~~~~~~~~~~~~~~~~~~~~
Starting Job:  May  /  2019
DONE Job:  May  /  2019
Starting Job:  June  /  2019
DONE Job:  June  /  2019
Starting Job:  July  /  2019
DONE Job:  July  /  2019
Starting Job:  August  /  2019
DONE Job:  August  /  2019
Starting Job:  September  /  2019
DONE Job:  September  /  2019
Starting Job:  October  /  2019
DONE Job:  October  /  2019
Starting Job:  November  /  2019
DONE Job:  November  /  2019
Starting Job:  December  /  2019
DONE Job:  December  /  2019
Starting Job:  February  /  2020
DONE Job:  February  /  2020
Starting Job:  January  /  2020
DONE Job:  January  /  2020
~~~~~~~~~~~~~~~~~~~~~~~~~~~~~~~~~~~~~~~~~~~~~~~
Starting Job:  August  /  2020
DONE Job:  August  /  2020
Starting Job:  June  /  2020
DONE Job:  June  /  2020
Starting Job:  May  /  2020
DONE Job:  May  /  2020
Starting Job:  July  /  2020
DONE Job:  July  /  2020
Starting Job:  September  /  2020
DONE Job:  September  /  2020
Starting Job:  April  /  2020
DONE Job:  April  /  2020
Starting Job:  December  /  2020
DONE Job:  December  /  2020
Starting Job:  November  /  2020
DONE Job:  November  /  2020
Starting Job:  March  /  2020
DONE Job:  March  /  2020
Starting Job:  October  /  2020
DONE Job:  October  /  2020
~~~~~~~~~~~~~~~~~~~~~~~~~~~~~~~~~~~~~~~~~~~~~~~
Starting Job:  January  /  2021
DONE Job:  January  /  2021
Starting Job:  February  /  2021
DONE Job:  February  /  2021
Starting Job:  May  /  2021
DONE Job:  May  /  2021
Starting Job:  June  /  2021
DONE Job:  June  /  2021
Starting Job:  April  /  2021
DONE Job:  April  /  2021
Starting Job:  August  /  2021
DONE Job:  August  /  2021
Starting Job:  July  /  2021
DONE Job:  July  /  2021
Starting Job:  September  /  2021
DONE Job:  September  /  2021
Starting Job:  March  /  2021
DONE Job:  March  /  2021
Starting Job:  October  /  2021
DONE Job:  October  /  2021
~~~~~~~~~~~~~~~~~~~~~~~~~~~~~~~~~~~~~~~~~~~~~~~
Starting Job:  August  /  2022
DONE Job:  August  /  2022
Starting Job:  June  /  2022
DONE Job:  June  /  2022
Starting Job:  July  /  2022
DONE Job:  July  /  2022
